<?xml version="1.0" encoding="UTF-8"?>
<testng-results ignored="0" total="1" passed="1" failed="0" skipped="0">
  <reporter-output>
  </reporter-output>
  <suite started-at="2025-07-08T13:45:39 EET" name="Default suite" finished-at="2025-07-08T13:45:43 EET" duration-ms="3510">
    <groups>
    </groups>
    <test started-at="2025-07-08T13:45:39 EET" name="Default test" finished-at="2025-07-08T13:45:43 EET" duration-ms="3510">
      <class name="LoginPage.MyTestCases">
        <test-method is-config="true" signature="myStup()[pri:0, instance:LoginPage.MyTestCases@753432a2]" started-at="2025-07-08T13:45:39 EET" name="myStup" finished-at="2025-07-08T13:45:42 EET" duration-ms="2573" status="PASS">
          <reporter-output>
          </reporter-output>
        </test-method> <!-- myStup -->
        <test-method signature="Signup()[pri:1, instance:LoginPage.MyTestCases@753432a2]" started-at="2025-07-08T13:45:42 EET" name="Signup" finished-at="2025-07-08T13:45:43 EET" duration-ms="872" status="PASS">
          <reporter-output>
          </reporter-output>
        </test-method> <!-- Signup -->
      </class> <!-- LoginPage.MyTestCases -->
    </test> <!-- Default test -->
  </suite> <!-- Default suite -->
</testng-results>
